<?xml version="1.0" encoding="UTF-8"?>
<testsuite xmlns:xsi="http://www.w3.org/2001/XMLSchema-instance" xsi:noNamespaceSchemaLocation="https://maven.apache.org/surefire/maven-surefire-plugin/xsd/surefire-test-report.xsd" name="UserCreateApiTest" time="5.581" tests="1" errors="0" skipped="0" failures="0">
  <properties>
    <property name="java.specification.version" value="17"/>
    <property name="sun.jnu.encoding" value="UTF-8"/>
    <property name="java.class.path" value="/home/dafanf/Documents/Dafa/Coolyeah/Tingkat 3/Semester 6/Pengujian Perangkat Lunak/Praktek/Pertemuan 10/automation-dummyapi-test/target/test-classes:/home/dafanf/Documents/Dafa/Coolyeah/Tingkat 3/Semester 6/Pengujian Perangkat Lunak/Praktek/Pertemuan 10/automation-dummyapi-test/target/classes:/home/dafanf/.m2/repository/org/junit/jupiter/junit-jupiter-api/5.8.2/junit-jupiter-api-5.8.2.jar:/home/dafanf/.m2/repository/org/opentest4j/opentest4j/1.2.0/opentest4j-1.2.0.jar:/home/dafanf/.m2/repository/org/junit/platform/junit-platform-commons/1.8.2/junit-platform-commons-1.8.2.jar:/home/dafanf/.m2/repository/org/apiguardian/apiguardian-api/1.1.2/apiguardian-api-1.1.2.jar:/home/dafanf/.m2/repository/org/junit/jupiter/junit-jupiter-engine/5.8.2/junit-jupiter-engine-5.8.2.jar:/home/dafanf/.m2/repository/org/junit/platform/junit-platform-engine/1.8.2/junit-platform-engine-1.8.2.jar:/home/dafanf/.m2/repository/io/rest-assured/rest-assured/4.4.0/rest-assured-4.4.0.jar:/home/dafanf/.m2/repository/org/codehaus/groovy/groovy/3.0.8/groovy-3.0.8.jar:/home/dafanf/.m2/repository/org/codehaus/groovy/groovy-xml/3.0.8/groovy-xml-3.0.8.jar:/home/dafanf/.m2/repository/org/apache/httpcomponents/httpclient/4.5.13/httpclient-4.5.13.jar:/home/dafanf/.m2/repository/org/apache/httpcomponents/httpcore/4.4.13/httpcore-4.4.13.jar:/home/dafanf/.m2/repository/commons-logging/commons-logging/1.2/commons-logging-1.2.jar:/home/dafanf/.m2/repository/commons-codec/commons-codec/1.11/commons-codec-1.11.jar:/home/dafanf/.m2/repository/org/apache/httpcomponents/httpmime/4.5.13/httpmime-4.5.13.jar:/home/dafanf/.m2/repository/org/hamcrest/hamcrest/2.1/hamcrest-2.1.jar:/home/dafanf/.m2/repository/org/ccil/cowan/tagsoup/tagsoup/1.2.1/tagsoup-1.2.1.jar:/home/dafanf/.m2/repository/io/rest-assured/json-path/4.4.0/json-path-4.4.0.jar:/home/dafanf/.m2/repository/org/codehaus/groovy/groovy-json/3.0.8/groovy-json-3.0.8.jar:/home/dafanf/.m2/repository/io/rest-assured/rest-assured-common/4.4.0/rest-assured-common-4.4.0.jar:/home/dafanf/.m2/repository/io/rest-assured/xml-path/4.4.0/xml-path-4.4.0.jar:/home/dafanf/.m2/repository/org/apache/commons/commons-lang3/3.11/commons-lang3-3.11.jar:/home/dafanf/.m2/repository/jakarta/xml/bind/jakarta.xml.bind-api/2.3.3/jakarta.xml.bind-api-2.3.3.jar:/home/dafanf/.m2/repository/jakarta/activation/jakarta.activation-api/1.2.2/jakarta.activation-api-1.2.2.jar:/home/dafanf/.m2/repository/com/sun/xml/bind/jaxb-impl/2.3.3/jaxb-impl-2.3.3.jar:"/>
    <property name="java.vm.vendor" value="Red Hat, Inc."/>
    <property name="sun.arch.data.model" value="64"/>
    <property name="java.vendor.url" value="https://www.redhat.com/"/>
    <property name="os.name" value="Linux"/>
    <property name="java.vm.specification.version" value="17"/>
    <property name="sun.java.launcher" value="SUN_STANDARD"/>
    <property name="user.country" value="US"/>
    <property name="sun.boot.library.path" value="/usr/lib/jvm/java-17-openjdk-17.0.9.0.9-3.fc38.x86_64/lib"/>
    <property name="sun.java.command" value="/home/dafanf/Documents/Dafa/Coolyeah/Tingkat 3/Semester 6/Pengujian Perangkat Lunak/Praktek/Pertemuan 10/automation-dummyapi-test/target/surefire/surefirebooter4886772347106535299.jar /home/dafanf/Documents/Dafa/Coolyeah/Tingkat 3/Semester 6/Pengujian Perangkat Lunak/Praktek/Pertemuan 10/automation-dummyapi-test/target/surefire 2024-05-05T22-51-46_527-jvmRun1 surefire1578504266210809903tmp surefire_07201046181561675806tmp"/>
    <property name="jdk.debug" value="release"/>
    <property name="test" value="UserCreateApiTest#testCreateUserExistingEmail"/>
    <property name="surefire.test.class.path" value="/home/dafanf/Documents/Dafa/Coolyeah/Tingkat 3/Semester 6/Pengujian Perangkat Lunak/Praktek/Pertemuan 10/automation-dummyapi-test/target/test-classes:/home/dafanf/Documents/Dafa/Coolyeah/Tingkat 3/Semester 6/Pengujian Perangkat Lunak/Praktek/Pertemuan 10/automation-dummyapi-test/target/classes:/home/dafanf/.m2/repository/org/junit/jupiter/junit-jupiter-api/5.8.2/junit-jupiter-api-5.8.2.jar:/home/dafanf/.m2/repository/org/opentest4j/opentest4j/1.2.0/opentest4j-1.2.0.jar:/home/dafanf/.m2/repository/org/junit/platform/junit-platform-commons/1.8.2/junit-platform-commons-1.8.2.jar:/home/dafanf/.m2/repository/org/apiguardian/apiguardian-api/1.1.2/apiguardian-api-1.1.2.jar:/home/dafanf/.m2/repository/org/junit/jupiter/junit-jupiter-engine/5.8.2/junit-jupiter-engine-5.8.2.jar:/home/dafanf/.m2/repository/org/junit/platform/junit-platform-engine/1.8.2/junit-platform-engine-1.8.2.jar:/home/dafanf/.m2/repository/io/rest-assured/rest-assured/4.4.0/rest-assured-4.4.0.jar:/home/dafanf/.m2/repository/org/codehaus/groovy/groovy/3.0.8/groovy-3.0.8.jar:/home/dafanf/.m2/repository/org/codehaus/groovy/groovy-xml/3.0.8/groovy-xml-3.0.8.jar:/home/dafanf/.m2/repository/org/apache/httpcomponents/httpclient/4.5.13/httpclient-4.5.13.jar:/home/dafanf/.m2/repository/org/apache/httpcomponents/httpcore/4.4.13/httpcore-4.4.13.jar:/home/dafanf/.m2/repository/commons-logging/commons-logging/1.2/commons-logging-1.2.jar:/home/dafanf/.m2/repository/commons-codec/commons-codec/1.11/commons-codec-1.11.jar:/home/dafanf/.m2/repository/org/apache/httpcomponents/httpmime/4.5.13/httpmime-4.5.13.jar:/home/dafanf/.m2/repository/org/hamcrest/hamcrest/2.1/hamcrest-2.1.jar:/home/dafanf/.m2/repository/org/ccil/cowan/tagsoup/tagsoup/1.2.1/tagsoup-1.2.1.jar:/home/dafanf/.m2/repository/io/rest-assured/json-path/4.4.0/json-path-4.4.0.jar:/home/dafanf/.m2/repository/org/codehaus/groovy/groovy-json/3.0.8/groovy-json-3.0.8.jar:/home/dafanf/.m2/repository/io/rest-assured/rest-assured-common/4.4.0/rest-assured-common-4.4.0.jar:/home/dafanf/.m2/repository/io/rest-assured/xml-path/4.4.0/xml-path-4.4.0.jar:/home/dafanf/.m2/repository/org/apache/commons/commons-lang3/3.11/commons-lang3-3.11.jar:/home/dafanf/.m2/repository/jakarta/xml/bind/jakarta.xml.bind-api/2.3.3/jakarta.xml.bind-api-2.3.3.jar:/home/dafanf/.m2/repository/jakarta/activation/jakarta.activation-api/1.2.2/jakarta.activation-api-1.2.2.jar:/home/dafanf/.m2/repository/com/sun/xml/bind/jaxb-impl/2.3.3/jaxb-impl-2.3.3.jar:"/>
    <property name="sun.cpu.endian" value="little"/>
    <property name="user.home" value="/home/dafanf"/>
    <property name="user.language" value="en"/>
    <property name="java.specification.vendor" value="Oracle Corporation"/>
    <property name="java.version.date" value="2023-10-17"/>
    <property name="java.home" value="/usr/lib/jvm/java-17-openjdk-17.0.9.0.9-3.fc38.x86_64"/>
    <property name="file.separator" value="/"/>
    <property name="basedir" value="/home/dafanf/Documents/Dafa/Coolyeah/Tingkat 3/Semester 6/Pengujian Perangkat Lunak/Praktek/Pertemuan 10/automation-dummyapi-test"/>
    <property name="java.vm.compressedOopsMode" value="32-bit"/>
    <property name="line.separator" value="&#10;"/>
    <property name="java.vm.specification.vendor" value="Oracle Corporation"/>
    <property name="java.specification.name" value="Java Platform API Specification"/>
    <property name="surefire.real.class.path" value="/home/dafanf/Documents/Dafa/Coolyeah/Tingkat 3/Semester 6/Pengujian Perangkat Lunak/Praktek/Pertemuan 10/automation-dummyapi-test/target/surefire/surefirebooter4886772347106535299.jar"/>
    <property name="sun.management.compiler" value="HotSpot 64-Bit Tiered Compilers"/>
    <property name="java.runtime.version" value="17.0.9+9"/>
    <property name="user.name" value="dafanf"/>
    <property name="path.separator" value=":"/>
    <property name="os.version" value="6.8.7-100.fc38.x86_64"/>
    <property name="java.runtime.name" value="OpenJDK Runtime Environment"/>
    <property name="file.encoding" value="UTF-8"/>
    <property name="java.vm.name" value="OpenJDK 64-Bit Server VM"/>
    <property name="java.vendor.version" value="(Red_Hat-17.0.9.0.9-4)"/>
    <property name="localRepository" value="/home/dafanf/.m2/repository"/>
    <property name="java.vendor.url.bug" value="https://bugzilla.redhat.com/enter_bug.cgi?product=Fedora&amp;component=java-17-openjdk&amp;version=38"/>
    <property name="java.io.tmpdir" value="/tmp"/>
    <property name="java.version" value="17.0.9"/>
    <property name="user.dir" value="/home/dafanf/Documents/Dafa/Coolyeah/Tingkat 3/Semester 6/Pengujian Perangkat Lunak/Praktek/Pertemuan 10/automation-dummyapi-test"/>
    <property name="os.arch" value="amd64"/>
    <property name="java.vm.specification.name" value="Java Virtual Machine Specification"/>
    <property name="native.encoding" value="UTF-8"/>
    <property name="java.library.path" value="/usr/java/packages/lib:/usr/lib64:/lib64:/lib:/usr/lib"/>
    <property name="java.vm.info" value="mixed mode, sharing"/>
    <property name="java.vendor" value="Red Hat, Inc."/>
    <property name="java.vm.version" value="17.0.9+9"/>
    <property name="sun.io.unicode.encoding" value="UnicodeLittle"/>
    <property name="java.class.version" value="61.0"/>
  </properties>
  <testcase name="testCreateUserExistingEmail" classname="UserCreateApiTest" time="4.113"/>
</testsuite>